<?xml version="1.0" encoding="UTF-8"?>
<testsuite xmlns:xsi="http://www.w3.org/2001/XMLSchema-instance" xsi:noNamespaceSchemaLocation="https://maven.apache.org/surefire/maven-surefire-plugin/xsd/surefire-test-report-3.0.xsd" version="3.0" name="MyFirstJUnitJupiterTests" time="0.045" tests="4" errors="0" skipped="0" failures="0">
  <properties>
[...]
</properties>
  <testcase name="testTC04_NegativeCaseWithNumber" classname="MyFirstJUnitJupiterTests" time="0.023"/>
  <testcase name="testTC03_PositiveCase" classname="MyFirstJUnitJupiterTests" time="0.003"/>
  <testcase name="testTC02_SoftwareLowercase" classname="MyFirstJUnitJupiterTests" time="0.001"/>
  <testcase name="testTC01_SoftwareUppercase" classname="MyFirstJUnitJupiterTests" time="0.0"/>
</testsuite>